#
# There is insufficient memory for the Java Runtime Environment to continue.
# Native memory allocation (mmap) failed to map 190316544 bytes for committing reserved memory.
# Possible reasons:
#   The system is out of physical RAM or swap space
#   In 32 bit mode, the process size limit was hit
# Possible solutions:
#   Reduce memory load on the system
#   Increase physical memory or swap space
#   Check if swap backing store is full
#   Use 64 bit Java on a 64 bit OS
#   Decrease Java heap size (-Xmx/-Xms)
#   Decrease number of Java threads
#   Decrease Java thread stack sizes (-Xss)
#   Set larger code cache with -XX:ReservedCodeCacheSize=
# This output file may be truncated or incomplete.
#
#  Out of Memory Error (os_linux.cpp:2627), pid=8608, tid=140126559168256
#
# JRE version: Java(TM) SE Runtime Environment (8.0_60-b27) (build 1.8.0_60-b27)
# Java VM: Java HotSpot(TM) 64-Bit Server VM (25.60-b23 mixed mode linux-amd64 compressed oops)
# Failed to write core dump. Core dumps have been disabled. To enable core dumping, try "ulimit -c unlimited" before starting Java again
#

---------------  T H R E A D  ---------------

Current thread (0x00007f71d4073800):  VMThread [stack: 0x00007f71c1b86000,0x00007f71c1c87000] [id=8616]

Stack: [0x00007f71c1b86000,0x00007f71c1c87000],  sp=0x00007f71c1c85260,  free space=1020k
Native frames: (J=compiled Java code, j=interpreted, Vv=VM code, C=native code)
V  [libjvm.so+0xab97ea]  VMError::report_and_die()+0x2ba
V  [libjvm.so+0x4f9dab]  report_vm_out_of_memory(char const*, int, unsigned long, VMErrorType, char const*)+0x8b
V  [libjvm.so+0x91a7c3]  os::Linux::commit_memory_impl(char*, unsigned long, bool)+0x103
V  [libjvm.so+0x91ad19]  os::pd_commit_memory(char*, unsigned long, unsigned long, bool)+0x29
V  [libjvm.so+0x91502a]  os::commit_memory(char*, unsigned long, unsigned long, bool)+0x2a
V  [libjvm.so+0x9886d3]  PSVirtualSpace::expand_by(unsigned long)+0x53
V  [libjvm.so+0x978fc0]  PSOldGen::expand(unsigned long)+0x170
V  [libjvm.so+0x9791cb]  PSOldGen::resize(unsigned long)+0x1cb
V  [libjvm.so+0x980ea1]  PSParallelCompact::invoke_no_policy(bool)+0x991
V  [libjvm.so+0x9867fd]  PSScavenge::invoke()+0x1ad
V  [libjvm.so+0x93e430]  ParallelScavengeHeap::failed_mem_allocate(unsigned long)+0x70
V  [libjvm.so+0xabb207]  VM_ParallelGCFailedAllocation::doit()+0x97
V  [libjvm.so+0xac2c35]  VM_Operation::evaluate()+0x55
V  [libjvm.so+0xac100a]  VMThread::evaluate_operation(VM_Operation*)+0xba
V  [libjvm.so+0xac138e]  VMThread::loop()+0x1ce
V  [libjvm.so+0xac1800]  VMThread::run()+0x70
V  [libjvm.so+0x91cb88]  java_start(Thread*)+0x108

VM_Operation (0x00007f71c0a8ad70): ParallelGCFailedAllocation, mode: safepoint, requested by thread 0x00007f71d41c4000


---------------  P R O C E S S  ---------------

Java Threads: ( => current thread )
  0x00007f71d4135000 JavaThread "pool-1-thread-1" [_thread_blocked, id=8649, stack(0x00007f71c0689000,0x00007f71c078a000)]
  0x00007f71d41c7800 JavaThread "pool-2-thread-4" [_thread_blocked, id=8628, stack(0x00007f71c078a000,0x00007f71c088b000)]
  0x00007f71d41c5800 JavaThread "pool-2-thread-3" [_thread_blocked, id=8627, stack(0x00007f71c088b000,0x00007f71c098c000)]
  0x00007f71d41c4000 JavaThread "pool-2-thread-2" [_thread_blocked, id=8626, stack(0x00007f71c098c000,0x00007f71c0a8d000)]
  0x00007f71d41c3000 JavaThread "pool-3-thread-1" [_thread_blocked, id=8625, stack(0x00007f71c0a8d000,0x00007f71c0b8e000)]
  0x00007f71d41c0800 JavaThread "pool-2-thread-1" [_thread_blocked, id=8624, stack(0x00007f71c0b8e000,0x00007f71c0c8f000)]
  0x00007f71d40e4000 JavaThread "Service Thread" daemon [_thread_blocked, id=8622, stack(0x00007f71c0e9e000,0x00007f71c0f9f000)]
  0x00007f71d40b7000 JavaThread "C1 CompilerThread1" daemon [_thread_blocked, id=8621, stack(0x00007f71c0f9f000,0x00007f71c10a0000)]
  0x00007f71d40b4000 JavaThread "C2 CompilerThread0" daemon [_thread_blocked, id=8620, stack(0x00007f71c10a0000,0x00007f71c11a1000)]
  0x00007f71d40b2800 JavaThread "Signal Dispatcher" daemon [_thread_blocked, id=8619, stack(0x00007f71c11a1000,0x00007f71c12a2000)]
  0x00007f71d407b000 JavaThread "Finalizer" daemon [_thread_blocked, id=8618, stack(0x00007f71c1984000,0x00007f71c1a85000)]
  0x00007f71d4079000 JavaThread "Reference Handler" daemon [_thread_blocked, id=8617, stack(0x00007f71c1a85000,0x00007f71c1b86000)]
  0x00007f71d400a000 JavaThread "main" [_thread_blocked, id=8613, stack(0x00007f71d9f53000,0x00007f71da054000)]

Other Threads:
=>0x00007f71d4073800 VMThread [stack: 0x00007f71c1b86000,0x00007f71c1c87000] [id=8616]
  0x00007f71d40ef000 WatcherThread [stack: 0x00007f71c0d9d000,0x00007f71c0e9e000] [id=8623]

VM state:at safepoint (normal execution)

VM Mutex/Monitor currently owned by a thread:  ([mutex/lock_event])
[0x00007f71d4005f50] ExpandHeap_lock - owner thread: 0x00007f71d4073800
[0x00007f71d40065d0] Threads_lock - owner thread: 0x00007f71d4073800
[0x00007f71d4006ad0] Heap_lock - owner thread: 0x00007f71d41c4000

Heap:
 PSYoungGen      total 465920K, used 0K [0x00000000d5580000, 0x0000000100000000, 0x0000000100000000)
  eden space 232960K, 0% used [0x00000000d5580000,0x00000000d5580000,0x00000000e3900000)
  from space 232960K, 0% used [0x00000000f1c80000,0x00000000f1c80000,0x0000000100000000)
  to   space 232960K, 0% used [0x00000000e3900000,0x00000000e3900000,0x00000000f1c80000)
 ParOldGen       total 1034752K, used 951118K [0x0000000080000000, 0x00000000bf280000, 0x00000000d5580000)
  object space 1034752K, 91% used [0x0000000080000000,0x00000000ba0d39b8,0x00000000bf280000)
 Metaspace       used 6705K, capacity 7384K, committed 7680K, reserved 1056768K
  class space    used 621K, capacity 656K, committed 768K, reserved 1048576K

Card table byte_map: [0x00007f71c37a5000,0x00007f71c3ba6000] byte_map_base: 0x00007f71c33a5000

Marking Bits: (ParMarkBitMap*) 0x00007f71d9431de0
 Begin Bits: [0x00007f71b8000000, 0x00007f71ba000000)
 End Bits:   [0x00007f71ba000000, 0x00007f71bc000000)

Polling page: 0x00007f71da079000

CodeCache: size=245760Kb used=10664Kb max_used=11840Kb free=235095Kb
 bounds [0x00007f71c3f66000, 0x00007f71c4b26000, 0x00007f71d2f66000]
 total_blobs=2637 nmethods=2369 adapters=182
 compilation: enabled

Compilation events (10 events):
Event: 80.081 Thread 0x00007f71d40b4000 nmethod 3038% 0x00007f71c48514d0 code [0x00007f71c4851a40, 0x00007f71c4855520]
Event: 80.081 Thread 0x00007f71d40b4000 2760       4       com.android.dx.ssa.DomFront::run (264 bytes)
Event: 80.169 Thread 0x00007f71d40b4000 nmethod 2760 0x00007f71c439d390 code [0x00007f71c439d5e0, 0x00007f71c439e438]
Event: 80.169 Thread 0x00007f71d40b4000 2824       4       java.util.ArrayList::removeRange (75 bytes)
Event: 80.171 Thread 0x00007f71d40b4000 nmethod 2824 0x00007f71c464edd0 code [0x00007f71c464ef20, 0x00007f71c464f0b8]
Event: 80.171 Thread 0x00007f71d40b4000 2414       4       com.android.dx.cf.code.RopperMachine::getSources (264 bytes)
Event: 80.206 Thread 0x00007f71d40b7000 3066 %     3       com.android.dx.dex.file.UniformItemSection::prepare0 @ 19 (47 bytes)
Event: 80.206 Thread 0x00007f71d40b7000 nmethod 3066% 0x00007f71c418a590 code [0x00007f71c418a780, 0x00007f71c418afb8]
Event: 80.206 Thread 0x00007f71d40b7000 3067       3       com.android.dx.dex.file.UniformItemSection::prepare0 (47 bytes)
Event: 80.206 Thread 0x00007f71d40b7000 nmethod 3067 0x00007f71c4458190 code [0x00007f71c4458360, 0x00007f71c4458b58]

GC Heap History (10 events):
Event: 74.671 GC heap after
Heap after GC invocations=37 (full 7):
 PSYoungGen      total 468480K, used 71198K [0x00000000d5580000, 0x00000000ff180000, 0x0000000100000000)
  eden space 246784K, 0% used [0x00000000d5580000,0x00000000d5580000,0x00000000e4680000)
  from space 221696K, 32% used [0x00000000f1900000,0x00000000f5e87a28,0x00000000ff180000)
  to   space 215552K, 0% used [0x00000000e4680000,0x00000000e4680000,0x00000000f1900000)
 ParOldGen       total 1034752K, used 905691K [0x0000000080000000, 0x00000000bf280000, 0x00000000d5580000)
  object space 1034752K, 87% used [0x0000000080000000,0x00000000b7476dd8,0x00000000bf280000)
 Metaspace       used 6656K, capacity 7384K, committed 7680K, reserved 1056768K
  class space    used 619K, capacity 656K, committed 768K, reserved 1048576K
}
Event: 75.944 GC heap before
{Heap before GC invocations=38 (full 7):
 PSYoungGen      total 468480K, used 317982K [0x00000000d5580000, 0x00000000ff180000, 0x0000000100000000)
  eden space 246784K, 100% used [0x00000000d5580000,0x00000000e4680000,0x00000000e4680000)
  from space 221696K, 32% used [0x00000000f1900000,0x00000000f5e87a28,0x00000000ff180000)
  to   space 215552K, 0% used [0x00000000e4680000,0x00000000e4680000,0x00000000f1900000)
 ParOldGen       total 1034752K, used 905691K [0x0000000080000000, 0x00000000bf280000, 0x00000000d5580000)
  object space 1034752K, 87% used [0x0000000080000000,0x00000000b7476dd8,0x00000000bf280000)
 Metaspace       used 6683K, capacity 7384K, committed 7680K, reserved 1056768K
  class space    used 621K, capacity 656K, committed 768K, reserved 1048576K
Event: 76.257 GC heap after
Heap after GC invocations=38 (full 7):
 PSYoungGen      total 462336K, used 104486K [0x00000000d5580000, 0x00000000ff300000, 0x0000000100000000)
  eden space 246784K, 0% used [0x00000000d5580000,0x00000000d5580000,0x00000000e4680000)
  from space 215552K, 48% used [0x00000000e4680000,0x00000000eac89928,0x00000000f1900000)
  to   space 211968K, 0% used [0x00000000f2400000,0x00000000f2400000,0x00000000ff300000)
 ParOldGen       total 1034752K, used 905691K [0x0000000080000000, 0x00000000bf280000, 0x00000000d5580000)
  object space 1034752K, 87% used [0x0000000080000000,0x00000000b7476dd8,0x00000000bf280000)
 Metaspace       used 6683K, capacity 7384K, committed 7680K, reserved 1056768K
  class space    used 621K, capacity 656K, committed 768K, reserved 1048576K
}
Event: 77.412 GC heap before
{Heap before GC invocations=39 (full 7):
 PSYoungGen      total 462336K, used 351270K [0x00000000d5580000, 0x00000000ff300000, 0x0000000100000000)
  eden space 246784K, 100% used [0x00000000d5580000,0x00000000e4680000,0x00000000e4680000)
  from space 215552K, 48% used [0x00000000e4680000,0x00000000eac89928,0x00000000f1900000)
  to   space 211968K, 0% used [0x00000000f2400000,0x00000000f2400000,0x00000000ff300000)
 ParOldGen       total 1034752K, used 905691K [0x0000000080000000, 0x00000000bf280000, 0x00000000d5580000)
  object space 1034752K, 87% used [0x0000000080000000,0x00000000b7476dd8,0x00000000bf280000)
 Metaspace       used 6683K, capacity 7384K, committed 7680K, reserved 1056768K
  class space    used 621K, capacity 656K, committed 768K, reserved 1048576K
Event: 77.671 GC heap after
Heap after GC invocations=39 (full 7):
 PSYoungGen      total 464896K, used 139404K [0x00000000d5580000, 0x0000000100000000, 0x0000000100000000)
  eden space 252928K, 0% used [0x00000000d5580000,0x00000000d5580000,0x00000000e4c80000)
  from space 211968K, 65% used [0x00000000f2400000,0x00000000fac23328,0x00000000ff300000)
  to   space 220672K, 0% used [0x00000000e4c80000,0x00000000e4c80000,0x00000000f2400000)
 ParOldGen       total 1034752K, used 905691K [0x0000000080000000, 0x00000000bf280000, 0x00000000d5580000)
  object space 1034752K, 87% used [0x0000000080000000,0x00000000b7476dd8,0x00000000bf280000)
 Metaspace       used 6683K, capacity 7384K, committed 7680K, reserved 1056768K
  class space    used 621K, capacity 656K, committed 768K, reserved 1048576K
}
Event: 78.908 GC heap before
{Heap before GC invocations=40 (full 7):
 PSYoungGen      total 464896K, used 392332K [0x00000000d5580000, 0x0000000100000000, 0x0000000100000000)
  eden space 252928K, 100% used [0x00000000d5580000,0x00000000e4c80000,0x00000000e4c80000)
  from space 211968K, 65% used [0x00000000f2400000,0x00000000fac23328,0x00000000ff300000)
  to   space 220672K, 0% used [0x00000000e4c80000,0x00000000e4c80000,0x00000000f2400000)
 ParOldGen       total 1034752K, used 905691K [0x0000000080000000, 0x00000000bf280000, 0x00000000d5580000)
  object space 1034752K, 87% used [0x0000000080000000,0x00000000b7476dd8,0x00000000bf280000)
 Metaspace       used 6688K, capacity 7384K, committed 7680K, reserved 1056768K
  class space    used 621K, capacity 656K, committed 768K, reserved 1048576K
Event: 79.225 GC heap after
Heap after GC invocations=40 (full 7):
 PSYoungGen      total 428544K, used 175496K [0x00000000d5580000, 0x0000000100000000, 0x0000000100000000)
  eden space 252928K, 0% used [0x00000000d5580000,0x00000000d5580000,0x00000000e4c80000)
  from space 175616K, 99% used [0x00000000e4c80000,0x00000000ef7e2108,0x00000000ef800000)
  to   space 232960K, 0% used [0x00000000f1c80000,0x00000000f1c80000,0x0000000100000000)
 ParOldGen       total 1034752K, used 905691K [0x0000000080000000, 0x00000000bf280000, 0x00000000d5580000)
  object space 1034752K, 87% used [0x0000000080000000,0x00000000b7476dd8,0x00000000bf280000)
 Metaspace       used 6688K, capacity 7384K, committed 7680K, reserved 1056768K
  class space    used 621K, capacity 656K, committed 768K, reserved 1048576K
}
Event: 80.267 GC heap before
{Heap before GC invocations=41 (full 7):
 PSYoungGen      total 428544K, used 428424K [0x00000000d5580000, 0x0000000100000000, 0x0000000100000000)
  eden space 252928K, 100% used [0x00000000d5580000,0x00000000e4c80000,0x00000000e4c80000)
  from space 175616K, 99% used [0x00000000e4c80000,0x00000000ef7e2108,0x00000000ef800000)
  to   space 232960K, 0% used [0x00000000f1c80000,0x00000000f1c80000,0x0000000100000000)
 ParOldGen       total 1034752K, used 905691K [0x0000000080000000, 0x00000000bf280000, 0x00000000d5580000)
  object space 1034752K, 87% used [0x0000000080000000,0x00000000b7476dd8,0x00000000bf280000)
 Metaspace       used 6705K, capacity 7384K, committed 7680K, reserved 1056768K
  class space    used 621K, capacity 656K, committed 768K, reserved 1048576K
Event: 80.666 GC heap after
Heap after GC invocations=41 (full 7):
 PSYoungGen      total 465920K, used 145202K [0x00000000d5580000, 0x0000000100000000, 0x0000000100000000)
  eden space 232960K, 0% used [0x00000000d5580000,0x00000000d5580000,0x00000000e3900000)
  from space 232960K, 62% used [0x00000000f1c80000,0x00000000faa4c8d0,0x0000000100000000)
  to   space 232960K, 0% used [0x00000000e3900000,0x00000000e3900000,0x00000000f1c80000)
 ParOldGen       total 1034752K, used 974661K [0x0000000080000000, 0x00000000bf280000, 0x00000000d5580000)
  object space 1034752K, 94% used [0x0000000080000000,0x00000000bb7d14e0,0x00000000bf280000)
 Metaspace       used 6705K, capacity 7384K, committed 7680K, reserved 1056768K
  class space    used 621K, capacity 656K, committed 768K, reserved 1048576K
}
Event: 80.666 GC heap before
{Heap before GC invocations=42 (full 8):
 PSYoungGen      total 465920K, used 145202K [0x00000000d5580000, 0x0000000100000000, 0x0000000100000000)
  eden space 232960K, 0% used [0x00000000d5580000,0x00000000d5580000,0x00000000e3900000)
  from space 232960K, 62% used [0x00000000f1c80000,0x00000000faa4c8d0,0x0000000100000000)
  to   space 232960K, 0% used [0x00000000e3900000,0x00000000e3900000,0x00000000f1c80000)
 ParOldGen       total 1034752K, used 974661K [0x0000000080000000, 0x00000000bf280000, 0x00000000d5580000)
  object space 1034752K, 94% used [0x0000000080000000,0x00000000bb7d14e0,0x00000000bf280000)
 Metaspace       used 6705K, capacity 7384K, committed 7680K, reserved 1056768K
  class space    used 621K, capacity 656K, committed 768K, reserved 1048576K

Deoptimization events (10 events):
Event: 74.691 Thread 0x00007f71d4135000 Uncommon trap: reason=bimorphic action=maybe_recompile pc=0x00007f71c412215c method=java.util.HashMap$TreeNode.find(ILjava/lang/Object;Ljava/lang/Class;)Ljava/util/HashMap$TreeNode; @ 68
Event: 76.476 Thread 0x00007f71d41c7800 Uncommon trap: reason=unstable_if action=reinterpret pc=0x00007f71c47bb00c method=com.android.dx.ssa.SsaBasicBlock.scheduleMovesFromPhis()V @ 63
Event: 76.507 Thread 0x00007f71d41c7800 Uncommon trap: reason=unstable_if action=reinterpret pc=0x00007f71c468c030 method=com.android.dx.rop.type.Type.isReference()Z @ 6
Event: 77.788 Thread 0x00007f71d41c7800 Uncommon trap: reason=unstable_if action=reinterpret pc=0x00007f71c46ca660 method=com.android.dx.util.LabeledList.set(ILcom/android/dx/util/LabeledItem;)V @ 16
Event: 78.479 Thread 0x00007f71d41c7800 Uncommon trap: reason=unstable_if action=reinterpret pc=0x00007f71c42b3270 method=com.android.dx.ssa.back.FirstFitLocalCombiningAllocator.findNextUnreservedRopReg(IILcom/android/dx/ssa/back/FirstFitLocalCombiningAllocator$Alignment;)I @ 32
Event: 78.652 Thread 0x00007f71d4135000 Uncommon trap: reason=unstable_if action=reinterpret pc=0x00007f71c41ff4f4 method=com.android.dx.dex.code.OutputFinisher.addConstants(Ljava/util/HashSet;Lcom/android/dx/rop/code/RegisterSpec;)V @ 57
Event: 78.672 Thread 0x00007f71d41c0800 Uncommon trap: reason=bimorphic action=maybe_recompile pc=0x00007f71c412215c method=java.util.HashMap$TreeNode.find(ILjava/lang/Object;Ljava/lang/Class;)Ljava/util/HashMap$TreeNode; @ 68
Event: 78.672 Thread 0x00007f71d41c0800 Uncommon trap: reason=bimorphic action=maybe_recompile pc=0x00007f71c412215c method=java.util.HashMap$TreeNode.find(ILjava/lang/Object;Ljava/lang/Class;)Ljava/util/HashMap$TreeNode; @ 68
Event: 78.672 Thread 0x00007f71d41c0800 Uncommon trap: reason=bimorphic action=maybe_recompile pc=0x00007f71c412215c method=java.util.HashMap$TreeNode.find(ILjava/lang/Object;Ljava/lang/Class;)Ljava/util/HashMap$TreeNode; @ 68
Event: 79.567 Thread 0x00007f71d400a000 Uncommon trap: reason=unstable_if action=reinterpret pc=0x00007f71c4a8e4d4 method=com.android.dx.dex.code.OutputFinisher.hasLocalInfo(Lcom/android/dx/dex/code/DalvInsn;)Z @ 35

Internal exceptions (8 events):
Event: 0.031 Thread 0x00007f71d400a000 Exception <a 'java/lang/NoSuchMethodError': Method sun.misc.Unsafe.defineClass(Ljava/lang/String;[BII)Ljava/lang/Class; name or signature does not match> (0x00000000d5592b98) thrown at [/HUDSON/workspace/8-2-build-linux-amd64/jdk8u60/4407/hotspot/src/shar
Event: 0.031 Thread 0x00007f71d400a000 Exception <a 'java/lang/NoSuchMethodError': Method sun.misc.Unsafe.prefetchRead(Ljava/lang/Object;J)V name or signature does not match> (0x00000000d5592e80) thrown at [/HUDSON/workspace/8-2-build-linux-amd64/jdk8u60/4407/hotspot/src/share/vm/prims/jni.cpp
Event: 1.716 Thread 0x00007f71d41c5800 Implicit null exception at 0x00007f71c427372e to 0x00007f71c4274e01
Event: 2.214 Thread 0x00007f71d41c0800 Implicit null exception at 0x00007f71c42bea98 to 0x00007f71c42bebc9
Event: 2.484 Thread 0x00007f71d41c0800 Exception <a 'java/lang/ArrayIndexOutOfBoundsException': 18> (0x00000000d8383ab0) thrown at [/HUDSON/workspace/8-2-build-linux-amd64/jdk8u60/4407/hotspot/src/share/vm/interpreter/interpreterRuntime.cpp, line 366]
Event: 2.484 Thread 0x00007f71d41c0800 Exception <a 'java/lang/ArrayIndexOutOfBoundsException': 145> (0x00000000d8385630) thrown at [/HUDSON/workspace/8-2-build-linux-amd64/jdk8u60/4407/hotspot/src/share/vm/interpreter/interpreterRuntime.cpp, line 366]
Event: 2.485 Thread 0x00007f71d41c0800 Exception <a 'java/lang/ArrayIndexOutOfBoundsException': 40> (0x00000000d8386918) thrown at [/HUDSON/workspace/8-2-build-linux-amd64/jdk8u60/4407/hotspot/src/share/vm/interpreter/interpreterRuntime.cpp, line 366]
Event: 34.830 Thread 0x00007f71d41c5800 Implicit null exception at 0x00007f71c4a354fc to 0x00007f71c4a3a03d

Events (10 events):
Event: 80.000 Thread 0x00007f71d41c7800 DEOPT UNPACKING pc=0x00007f71c3fad233 sp=0x00007f71c0888960 mode 0
Event: 80.025 Thread 0x00007f71d41c5800 DEOPT PACKING pc=0x00007f71c448694d sp=0x00007f71c0989e50
Event: 80.025 Thread 0x00007f71d41c5800 DEOPT UNPACKING pc=0x00007f71c3fad233 sp=0x00007f71c0989c00 mode 0
Event: 80.095 Thread 0x00007f71d41c5800 DEOPT PACKING pc=0x00007f71c449cb5a sp=0x00007f71c0989b80
Event: 80.095 Thread 0x00007f71d41c5800 DEOPT UNPACKING pc=0x00007f71c3fad233 sp=0x00007f71c09899e0 mode 0
Event: 80.166 Thread 0x00007f71d41c4000 DEOPT PACKING pc=0x00007f71c449cb5a sp=0x00007f71c0a8ac00
Event: 80.166 Thread 0x00007f71d41c4000 DEOPT UNPACKING pc=0x00007f71c3fad233 sp=0x00007f71c0a8aa60 mode 0
Event: 80.181 Thread 0x00007f71d400a000 DEOPT PACKING pc=0x00007f71c448694d sp=0x00007f71da0517e0
Event: 80.181 Thread 0x00007f71d400a000 DEOPT UNPACKING pc=0x00007f71c3fad233 sp=0x00007f71da051590 mode 0
Event: 80.264 Executing VM operation: ParallelGCFailedAllocation


Dynamic libraries:
00400000-00401000 r-xp 00000000 08:04 9448020                            /usr/lib/jvm/java-8-oracle/bin/java
00600000-00601000 rw-p 00000000 08:04 9448020                            /usr/lib/jvm/java-8-oracle/bin/java
0137b000-013bf000 rw-p 00000000 00:00 0                                  [heap]
80000000-bf280000 rw-p 00000000 00:00 0 
ca800000-d5580000 ---p 00000000 00:00 0 
d5580000-100000000 rw-p 00000000 00:00 0 
100000000-1000c0000 rw-p 00000000 00:00 0 
1000c0000-140000000 ---p 00000000 00:00 0 
7f7184000000-7f718403b000 rw-p 00000000 00:00 0 
7f718403b000-7f7188000000 ---p 00000000 00:00 0 
7f7188000000-7f7188030000 rw-p 00000000 00:00 0 
7f7188030000-7f718c000000 ---p 00000000 00:00 0 
7f718c000000-7f718c026000 rw-p 00000000 00:00 0 
7f718c026000-7f7190000000 ---p 00000000 00:00 0 
7f7190000000-7f719028c000 rw-p 00000000 00:00 0 
7f719028c000-7f7194000000 ---p 00000000 00:00 0 
7f7194000000-7f7194021000 rw-p 00000000 00:00 0 
7f7194021000-7f7198000000 ---p 00000000 00:00 0 
7f7198000000-7f7198021000 rw-p 00000000 00:00 0 
7f7198021000-7f719c000000 ---p 00000000 00:00 0 
7f719c000000-7f719db3b000 rw-p 00000000 00:00 0 
7f719db3b000-7f71a0000000 ---p 00000000 00:00 0 
7f71a0000000-7f71a0b6b000 rw-p 00000000 00:00 0 
7f71a0b6b000-7f71a4000000 ---p 00000000 00:00 0 
7f71a4000000-7f71a4021000 rw-p 00000000 00:00 0 
7f71a4021000-7f71a8000000 ---p 00000000 00:00 0 
7f71a8000000-7f71a8021000 rw-p 00000000 00:00 0 
7f71a8021000-7f71ac000000 ---p 00000000 00:00 0 
7f71ac000000-7f71ac29e000 rw-p 00000000 00:00 0 
7f71ac29e000-7f71b0000000 ---p 00000000 00:00 0 
7f71b0000000-7f71b0021000 rw-p 00000000 00:00 0 
7f71b0021000-7f71b4000000 ---p 00000000 00:00 0 
7f71b4000000-7f71b4021000 rw-p 00000000 00:00 0 
7f71b4021000-7f71b8000000 ---p 00000000 00:00 0 
7f71b8000000-7f71bc000000 rw-p 00000000 00:00 0 
7f71bc000000-7f71bc021000 rw-p 00000000 00:00 0 
7f71bc021000-7f71c0000000 ---p 00000000 00:00 0 
7f71c0689000-7f71c068c000 ---p 00000000 00:00 0 
7f71c068c000-7f71c078a000 rw-p 00000000 00:00 0                          [stack:8649]
7f71c078a000-7f71c078d000 ---p 00000000 00:00 0 
7f71c078d000-7f71c088b000 rw-p 00000000 00:00 0                          [stack:8628]
7f71c088b000-7f71c088e000 ---p 00000000 00:00 0 
7f71c088e000-7f71c098c000 rw-p 00000000 00:00 0                          [stack:8627]
7f71c098c000-7f71c098f000 ---p 00000000 00:00 0 
7f71c098f000-7f71c0a8d000 rw-p 00000000 00:00 0                          [stack:8626]
7f71c0a8d000-7f71c0a90000 ---p 00000000 00:00 0 
7f71c0a90000-7f71c0b8e000 rw-p 00000000 00:00 0                          [stack:8625]
7f71c0b8e000-7f71c0b91000 ---p 00000000 00:00 0 
7f71c0b91000-7f71c0c8f000 rw-p 00000000 00:00 0                          [stack:8624]
7f71c0c8f000-7f71c0d9d000 r--s 00af1000 08:04 14287633                   /home/ganesh/Medi360/source/temp/from_mohan/Medi360_Android_WS/app/build/intermediates/transforms/jarMerging/debug/jars/1/1f/combined.jar
7f71c0d9d000-7f71c0d9e000 ---p 00000000 00:00 0 
7f71c0d9e000-7f71c0e9e000 rw-p 00000000 00:00 0                          [stack:8623]
7f71c0e9e000-7f71c0ea1000 ---p 00000000 00:00 0 
7f71c0ea1000-7f71c0f9f000 rw-p 00000000 00:00 0                          [stack:8622]
7f71c0f9f000-7f71c0fa2000 ---p 00000000 00:00 0 
7f71c0fa2000-7f71c10a0000 rw-p 00000000 00:00 0                          [stack:8621]
7f71c10a0000-7f71c10a3000 ---p 00000000 00:00 0 
7f71c10a3000-7f71c11a1000 rw-p 00000000 00:00 0                          [stack:8620]
7f71c11a1000-7f71c11a4000 ---p 00000000 00:00 0 
7f71c11a4000-7f71c12a2000 rw-p 00000000 00:00 0                          [stack:8619]
7f71c12a2000-7f71c1984000 r--p 00000000 08:04 9444164                    /usr/lib/locale/locale-archive
7f71c1984000-7f71c1987000 ---p 00000000 00:00 0 
7f71c1987000-7f71c1a85000 rw-p 00000000 00:00 0                          [stack:8618]
7f71c1a85000-7f71c1a88000 ---p 00000000 00:00 0 
7f71c1a88000-7f71c1b86000 rw-p 00000000 00:00 0                          [stack:8617]
7f71c1b86000-7f71c1b87000 ---p 00000000 00:00 0 
7f71c1b87000-7f71c2621000 rw-p 00000000 00:00 0                          [stack:8616]
7f71c2621000-7f71c27f9000 r--s 03d17000 08:04 9568449                    /usr/lib/jvm/java-8-oracle/jre/lib/rt.jar
7f71c27f9000-7f71c2eb9000 rw-p 00000000 00:00 0 
7f71c2eb9000-7f71c2ff9000 ---p 00000000 00:00 0 
7f71c2ff9000-7f71c33f9000 rw-p 00000000 00:00 0 
7f71c33f9000-7f71c33fa000 ---p 00000000 00:00 0 
7f71c33fa000-7f71c36f4000 rw-p 00000000 00:00 0                          [stack:8615]
7f71c36f4000-7f71c37a5000 ---p 00000000 00:00 0 
7f71c37a5000-7f71c399f000 rw-p 00000000 00:00 0 
7f71c399f000-7f71c3a4f000 ---p 00000000 00:00 0 
7f71c3a4f000-7f71c3ba5000 rw-p 00000000 00:00 0 
7f71c3ba5000-7f71c3bd5000 rw-p 00000000 00:00 0 
7f71c3bd5000-7f71c3f66000 ---p 00000000 00:00 0 
7f71c3f66000-7f71c4b26000 rwxp 00000000 00:00 0 
7f71c4b26000-7f71d2f66000 ---p 00000000 00:00 0 
7f71d2f66000-7f71d2f80000 r-xp 00000000 08:04 9701609                    /usr/lib/jvm/java-8-oracle/jre/lib/amd64/libzip.so
7f71d2f80000-7f71d3180000 ---p 0001a000 08:04 9701609                    /usr/lib/jvm/java-8-oracle/jre/lib/amd64/libzip.so
7f71d3180000-7f71d3181000 rw-p 0001a000 08:04 9701609                    /usr/lib/jvm/java-8-oracle/jre/lib/amd64/libzip.so
7f71d3181000-7f71d318c000 r-xp 00000000 08:04 10879072                   /lib/x86_64-linux-gnu/libnss_files-2.19.so
7f71d318c000-7f71d338b000 ---p 0000b000 08:04 10879072                   /lib/x86_64-linux-gnu/libnss_files-2.19.so
7f71d338b000-7f71d338c000 r--p 0000a000 08:04 10879072                   /lib/x86_64-linux-gnu/libnss_files-2.19.so
7f71d338c000-7f71d338d000 rw-p 0000b000 08:04 10879072                   /lib/x86_64-linux-gnu/libnss_files-2.19.so
7f71d338d000-7f71d3398000 r-xp 00000000 08:04 10883220                   /lib/x86_64-linux-gnu/libnss_nis-2.19.so
7f71d3398000-7f71d3597000 ---p 0000b000 08:04 10883220                   /lib/x86_64-linux-gnu/libnss_nis-2.19.so
7f71d3597000-7f71d3598000 r--p 0000a000 08:04 10883220                   /lib/x86_64-linux-gnu/libnss_nis-2.19.so
7f71d3598000-7f71d3599000 rw-p 0000b000 08:04 10883220                   /lib/x86_64-linux-gnu/libnss_nis-2.19.so
7f71d3599000-7f71d35b0000 r-xp 00000000 08:04 10882869                   /lib/x86_64-linux-gnu/libnsl-2.19.so
7f71d35b0000-7f71d37af000 ---p 00017000 08:04 10882869                   /lib/x86_64-linux-gnu/libnsl-2.19.so
7f71d37af000-7f71d37b0000 r--p 00016000 08:04 10882869                   /lib/x86_64-linux-gnu/libnsl-2.19.so
7f71d37b0000-7f71d37b1000 rw-p 00017000 08:04 10882869                   /lib/x86_64-linux-gnu/libnsl-2.19.so
7f71d37b1000-7f71d37b3000 rw-p 00000000 00:00 0 
7f71d37b3000-7f71d37bc000 r-xp 00000000 08:04 10879080                   /lib/x86_64-linux-gnu/libnss_compat-2.19.so
7f71d37bc000-7f71d39bb000 ---p 00009000 08:04 10879080                   /lib/x86_64-linux-gnu/libnss_compat-2.19.so
7f71d39bb000-7f71d39bc000 r--p 00008000 08:04 10879080                   /lib/x86_64-linux-gnu/libnss_compat-2.19.so
7f71d39bc000-7f71d39bd000 rw-p 00009000 08:04 10879080                   /lib/x86_64-linux-gnu/libnss_compat-2.19.so
7f71d39bd000-7f71d39e7000 r-xp 00000000 08:04 9701620                    /usr/lib/jvm/java-8-oracle/jre/lib/amd64/libjava.so
7f71d39e7000-7f71d3be7000 ---p 0002a000 08:04 9701620                    /usr/lib/jvm/java-8-oracle/jre/lib/amd64/libjava.so
7f71d3be7000-7f71d3be9000 rw-p 0002a000 08:04 9701620                    /usr/lib/jvm/java-8-oracle/jre/lib/amd64/libjava.so
7f71d3be9000-7f71d3bf6000 r-xp 00000000 08:04 9701613                    /usr/lib/jvm/java-8-oracle/jre/lib/amd64/libverify.so
7f71d3bf6000-7f71d3df6000 ---p 0000d000 08:04 9701613                    /usr/lib/jvm/java-8-oracle/jre/lib/amd64/libverify.so
7f71d3df6000-7f71d3df8000 rw-p 0000d000 08:04 9701613                    /usr/lib/jvm/java-8-oracle/jre/lib/amd64/libverify.so
7f71d3df8000-7f71d3dff000 r-xp 00000000 08:04 10883217                   /lib/x86_64-linux-gnu/librt-2.19.so
7f71d3dff000-7f71d3ffe000 ---p 00007000 08:04 10883217                   /lib/x86_64-linux-gnu/librt-2.19.so
7f71d3ffe000-7f71d3fff000 r--p 00006000 08:04 10883217                   /lib/x86_64-linux-gnu/librt-2.19.so
7f71d3fff000-7f71d4000000 rw-p 00007000 08:04 10883217                   /lib/x86_64-linux-gnu/librt-2.19.so
7f71d4000000-7f71d43d8000 rw-p 00000000 00:00 0 
7f71d43d8000-7f71d8000000 ---p 00000000 00:00 0 
7f71d8006000-7f71d807c000 rw-p 00000000 00:00 0 
7f71d807c000-7f71d807d000 ---p 00000000 00:00 0 
7f71d807d000-7f71d817d000 rw-p 00000000 00:00 0                          [stack:8614]
7f71d817d000-7f71d8282000 r-xp 00000000 08:04 10879071                   /lib/x86_64-linux-gnu/libm-2.19.so
7f71d8282000-7f71d8481000 ---p 00105000 08:04 10879071                   /lib/x86_64-linux-gnu/libm-2.19.so
7f71d8481000-7f71d8482000 r--p 00104000 08:04 10879071                   /lib/x86_64-linux-gnu/libm-2.19.so
7f71d8482000-7f71d8483000 rw-p 00105000 08:04 10879071                   /lib/x86_64-linux-gnu/libm-2.19.so
7f71d8483000-7f71d9141000 r-xp 00000000 08:04 9703219                    /usr/lib/jvm/java-8-oracle/jre/lib/amd64/server/libjvm.so
7f71d9141000-7f71d9340000 ---p 00cbe000 08:04 9703219                    /usr/lib/jvm/java-8-oracle/jre/lib/amd64/server/libjvm.so
7f71d9340000-7f71d9418000 rw-p 00cbd000 08:04 9703219                    /usr/lib/jvm/java-8-oracle/jre/lib/amd64/server/libjvm.so
7f71d9418000-7f71d945d000 rw-p 00000000 00:00 0 
7f71d945d000-7f71d9618000 r-xp 00000000 08:04 10883214                   /lib/x86_64-linux-gnu/libc-2.19.so
7f71d9618000-7f71d9817000 ---p 001bb000 08:04 10883214                   /lib/x86_64-linux-gnu/libc-2.19.so
7f71d9817000-7f71d981b000 r--p 001ba000 08:04 10883214                   /lib/x86_64-linux-gnu/libc-2.19.so
7f71d981b000-7f71d981d000 rw-p 001be000 08:04 10883214                   /lib/x86_64-linux-gnu/libc-2.19.so
7f71d981d000-7f71d9822000 rw-p 00000000 00:00 0 
7f71d9822000-7f71d9825000 r-xp 00000000 08:04 10879075                   /lib/x86_64-linux-gnu/libdl-2.19.so
7f71d9825000-7f71d9a24000 ---p 00003000 08:04 10879075                   /lib/x86_64-linux-gnu/libdl-2.19.so
7f71d9a24000-7f71d9a25000 r--p 00002000 08:04 10879075                   /lib/x86_64-linux-gnu/libdl-2.19.so
7f71d9a25000-7f71d9a26000 rw-p 00003000 08:04 10879075                   /lib/x86_64-linux-gnu/libdl-2.19.so
7f71d9a26000-7f71d9a3b000 r-xp 00000000 08:04 9443436                    /usr/lib/jvm/java-8-oracle/lib/amd64/jli/libjli.so
7f71d9a3b000-7f71d9c3b000 ---p 00015000 08:04 9443436                    /usr/lib/jvm/java-8-oracle/lib/amd64/jli/libjli.so
7f71d9c3b000-7f71d9c3c000 rw-p 00015000 08:04 9443436                    /usr/lib/jvm/java-8-oracle/lib/amd64/jli/libjli.so
7f71d9c3c000-7f71d9c55000 r-xp 00000000 08:04 10883215                   /lib/x86_64-linux-gnu/libpthread-2.19.so
7f71d9c55000-7f71d9e54000 ---p 00019000 08:04 10883215                   /lib/x86_64-linux-gnu/libpthread-2.19.so
7f71d9e54000-7f71d9e55000 r--p 00018000 08:04 10883215                   /lib/x86_64-linux-gnu/libpthread-2.19.so
7f71d9e55000-7f71d9e56000 rw-p 00019000 08:04 10883215                   /lib/x86_64-linux-gnu/libpthread-2.19.so
7f71d9e56000-7f71d9e5a000 rw-p 00000000 00:00 0 
7f71d9e5a000-7f71d9e7d000 r-xp 00000000 08:04 10882954                   /lib/x86_64-linux-gnu/ld-2.19.so
7f71d9e87000-7f71d9f53000 rw-p 00000000 00:00 0 
7f71d9f53000-7f71d9f56000 ---p 00000000 00:00 0 
7f71d9f56000-7f71da058000 rw-p 00000000 00:00 0                          [stack:8613]
7f71da060000-7f71da061000 rw-p 00000000 00:00 0 
7f71da061000-7f71da070000 r--s 000df000 08:04 9845311                    /home/ganesh/Android/Sdk/build-tools/23.0.3/lib/dx.jar
7f71da070000-7f71da078000 rw-s 00000000 08:04 9196270                    /tmp/hsperfdata_ganesh/8608
7f71da078000-7f71da079000 rw-p 00000000 00:00 0 
7f71da079000-7f71da07a000 ---p 00000000 00:00 0 
7f71da07a000-7f71da07c000 rw-p 00000000 00:00 0 
7f71da07c000-7f71da07d000 r--p 00022000 08:04 10882954                   /lib/x86_64-linux-gnu/ld-2.19.so
7f71da07d000-7f71da07e000 rw-p 00023000 08:04 10882954                   /lib/x86_64-linux-gnu/ld-2.19.so
7f71da07e000-7f71da07f000 rw-p 00000000 00:00 0 
7fff36260000-7fff36281000 rw-p 00000000 00:00 0                          [stack]
7fff36390000-7fff36392000 r-xp 00000000 00:00 0                          [vdso]
ffffffffff600000-ffffffffff601000 r-xp 00000000 00:00 0                  [vsyscall]

VM Arguments:
jvm_args: -Djava.awt.headless=true -Xmx2g -Dfile.encoding=UTF-8 -Duser.country=IN -Duser.language=en -Duser.variant 
java_command: com.android.dx.command.Main --dex --num-threads=4 --multi-dex --main-dex-list /home/ganesh/Medi360/source/temp/from_mohan/Medi360_Android_WS/app/build/intermediates/multi-dex/debug/maindexlist.txt --output /home/ganesh/Medi360/source/temp/from_mohan/Medi360_Android_WS/app/build/intermediates/transforms/dex/debug/folders/1000/1f/main /home/ganesh/Medi360/source/temp/from_mohan/Medi360_Android_WS/app/build/intermediates/transforms/jarMerging/debug/jars/1/1f/combined.jar
java_class_path (initial): /home/ganesh/Android/Sdk/build-tools/23.0.3/lib/dx.jar
Launcher Type: SUN_STANDARD

Environment Variables:
JAVA_HOME=/usr/lib/jvm/java-8-oracle
PATH=/usr/local/sbin:/usr/local/bin:/usr/sbin:/usr/bin:/sbin:/bin:/usr/games:/usr/local/games
LD_LIBRARY_PATH=.:
SHELL=/bin/bash
DISPLAY=:0

Signal Handlers:
SIGSEGV: [libjvm.so+0xaba070], sa_mask[0]=11111111011111111101111111111110, sa_flags=SA_RESTART|SA_SIGINFO
SIGBUS: [libjvm.so+0xaba070], sa_mask[0]=11111111011111111101111111111110, sa_flags=SA_RESTART|SA_SIGINFO
SIGFPE: [libjvm.so+0x917630], sa_mask[0]=11111111011111111101111111111110, sa_flags=SA_RESTART|SA_SIGINFO
SIGPIPE: [libjvm.so+0x917630], sa_mask[0]=11111111011111111101111111111110, sa_flags=SA_RESTART|SA_SIGINFO
SIGXFSZ: [libjvm.so+0x917630], sa_mask[0]=11111111011111111101111111111110, sa_flags=SA_RESTART|SA_SIGINFO
SIGILL: [libjvm.so+0x917630], sa_mask[0]=11111111011111111101111111111110, sa_flags=SA_RESTART|SA_SIGINFO
SIGUSR1: SIG_DFL, sa_mask[0]=00000000000000000000000000000000, sa_flags=none
SIGUSR2: [libjvm.so+0x918c60], sa_mask[0]=00100000000000000000000000000000, sa_flags=SA_RESTART|SA_SIGINFO
SIGHUP: [libjvm.so+0x91a060], sa_mask[0]=11111111011111111101111111111110, sa_flags=SA_RESTART|SA_SIGINFO
SIGINT: [libjvm.so+0x91a060], sa_mask[0]=11111111011111111101111111111110, sa_flags=SA_RESTART|SA_SIGINFO
SIGTERM: [libjvm.so+0x91a060], sa_mask[0]=11111111011111111101111111111110, sa_flags=SA_RESTART|SA_SIGINFO
SIGQUIT: [libjvm.so+0x91a060], sa_mask[0]=11111111011111111101111111111110, sa_flags=SA_RESTART|SA_SIGINFO


---------------  S Y S T E M  ---------------

OS:DISTRIB_ID=Ubuntu
DISTRIB_RELEASE=14.04
DISTRIB_CODENAME=trusty
DISTRIB_DESCRIPTION="Ubuntu 14.04 LTS"

uname:Linux 3.13.0-24-generic #46-Ubuntu SMP Thu Apr 10 19:11:08 UTC 2014 x86_64
libc:glibc 2.19 NPTL 2.19 
rlimit: STACK 8192k, CORE 0k, NPROC 28892, NOFILE 4096, AS infinity
load average:4.21 2.43 1.77

/proc/meminfo:
MemTotal:        3785680 kB
MemFree:          127176 kB
Buffers:             364 kB
Cached:            40916 kB
SwapCached:        15656 kB
Active:          2833864 kB
Inactive:         650204 kB
Active(anon):    2817872 kB
Inactive(anon):   636080 kB
Active(file):      15992 kB
Inactive(file):    14124 kB
Unevictable:          32 kB
Mlocked:              32 kB
SwapTotal:       1048572 kB
SwapFree:          28456 kB
Dirty:                56 kB
Writeback:          1756 kB
AnonPages:       3431264 kB
Mapped:            28016 kB
Shmem:             11076 kB
Slab:              70000 kB
SReclaimable:      41112 kB
SUnreclaim:        28888 kB
KernelStack:        4208 kB
PageTables:        35268 kB
NFS_Unstable:          0 kB
Bounce:                0 kB
WritebackTmp:          0 kB
CommitLimit:     2941412 kB
Committed_AS:    7571492 kB
VmallocTotal:   34359738367 kB
VmallocUsed:       37456 kB
VmallocChunk:   34359694180 kB
HardwareCorrupted:     0 kB
AnonHugePages:    688128 kB
HugePages_Total:       0
HugePages_Free:        0
HugePages_Rsvd:        0
HugePages_Surp:        0
Hugepagesize:       2048 kB
DirectMap4k:       66852 kB
DirectMap2M:     2811904 kB
DirectMap1G:     1048576 kB


CPU:total 2 (2 cores per cpu, 1 threads per core) family 16 model 6 stepping 3, cmov, cx8, fxsr, mmx, sse, sse2, sse3, popcnt, mmxext, 3dnowpref, lzcnt, sse4a, tsc, tscinvbit, tscinv

/proc/cpuinfo:
processor	: 0
vendor_id	: AuthenticAMD
cpu family	: 16
model		: 6
model name	: AMD Phenom(tm) II N660 Dual-Core Processor
stepping	: 3
microcode	: 0x10000c8
cpu MHz		: 800.000
cache size	: 1024 KB
physical id	: 0
siblings	: 2
core id		: 0
cpu cores	: 2
apicid		: 0
initial apicid	: 0
fpu		: yes
fpu_exception	: yes
cpuid level	: 5
wp		: yes
flags		: fpu vme de pse tsc msr pae mce cx8 apic sep mtrr pge mca cmov pat pse36 clflush mmx fxsr sse sse2 ht syscall nx mmxext fxsr_opt pdpe1gb rdtscp lm 3dnowext 3dnow constant_tsc rep_good nopl nonstop_tsc extd_apicid pni monitor cx16 popcnt lahf_lm cmp_legacy svm extapic cr8_legacy abm sse4a misalignsse 3dnowprefetch osvw ibs skinit wdt nodeid_msr hw_pstate npt lbrv svm_lock nrip_save
bogomips	: 5985.65
TLB size	: 1024 4K pages
clflush size	: 64
cache_alignment	: 64
address sizes	: 48 bits physical, 48 bits virtual
power management: ts ttp tm stc 100mhzsteps hwpstate

processor	: 1
vendor_id	: AuthenticAMD
cpu family	: 16
model		: 6
model name	: AMD Phenom(tm) II N660 Dual-Core Processor
stepping	: 3
microcode	: 0x10000c8
cpu MHz		: 800.000
cache size	: 1024 KB
physical id	: 0
siblings	: 2
core id		: 1
cpu cores	: 2
apicid		: 1
initial apicid	: 1
fpu		: yes
fpu_exception	: yes
cpuid level	: 5
wp		: yes
flags		: fpu vme de pse tsc msr pae mce cx8 apic sep mtrr pge mca cmov pat pse36 clflush mmx fxsr sse sse2 ht syscall nx mmxext fxsr_opt pdpe1gb rdtscp lm 3dnowext 3dnow constant_tsc rep_good nopl nonstop_tsc extd_apicid pni monitor cx16 popcnt lahf_lm cmp_legacy svm extapic cr8_legacy abm sse4a misalignsse 3dnowprefetch osvw ibs skinit wdt nodeid_msr hw_pstate npt lbrv svm_lock nrip_save
bogomips	: 5985.65
TLB size	: 1024 4K pages
clflush size	: 64
cache_alignment	: 64
address sizes	: 48 bits physical, 48 bits virtual
power management: ts ttp tm stc 100mhzsteps hwpstate



Memory: 4k page, physical 3785680k(127176k free), swap 1048572k(28012k free)

vm_info: Java HotSpot(TM) 64-Bit Server VM (25.60-b23) for linux-amd64 JRE (1.8.0_60-b27), built on Aug  4 2015 12:19:40 by "java_re" with gcc 4.3.0 20080428 (Red Hat 4.3.0-8)

time: Wed Dec 21 14:28:21 2016
elapsed time: 86 seconds (0d 0h 1m 26s)

